<?xml version="1.0" encoding="UTF-8"?>
<testng-results ignored="0" total="1" passed="1" failed="0" skipped="0">
  <reporter-output>
  </reporter-output>
  <suite started-at="2023-03-27T11:44:32 PDT" name="Default suite" finished-at="2023-03-27T11:45:25 PDT" duration-ms="53348">
    <groups>
    </groups>
    <test started-at="2023-03-27T11:44:32 PDT" name="Default test" finished-at="2023-03-27T11:45:25 PDT" duration-ms="53348">
      <class name="com.sauce.FirefoxTest">
        <test-method is-config="true" signature="beforeClass()[pri:0, instance:com.sauce.FirefoxTest@6dbb137d]" started-at="2023-03-27T11:44:32 PDT" name="beforeClass" finished-at="2023-03-27T11:45:22 PDT" duration-ms="50230" status="PASS">
          <reporter-output>
          </reporter-output>
        </test-method> <!-- beforeClass -->
        <test-method signature="Go_to_google()[pri:0, instance:com.sauce.FirefoxTest@6dbb137d]" started-at="2023-03-27T11:45:22 PDT" name="Go_to_google" finished-at="2023-03-27T11:45:23 PDT" duration-ms="1214" status="PASS">
          <reporter-output>
          </reporter-output>
        </test-method> <!-- Go_to_google -->
        <test-method is-config="true" signature="afterClass()[pri:0, instance:com.sauce.FirefoxTest@6dbb137d]" started-at="2023-03-27T11:45:23 PDT" name="afterClass" finished-at="2023-03-27T11:45:25 PDT" duration-ms="1865" status="PASS">
          <reporter-output>
          </reporter-output>
        </test-method> <!-- afterClass -->
      </class> <!-- com.sauce.FirefoxTest -->
    </test> <!-- Default test -->
  </suite> <!-- Default suite -->
</testng-results>
